2026-05-20 23:06:02,576 - INFO - 应用初始化完成
2026-05-20 23:09:03,615 - INFO - 导入 4 个文件: ['EF-理化-202508.xlsx', 'J001-理化-202508.xlsx', 'Q007-理化-202508.xlsx', 'RD05-理化-202508.xlsx']
2026-05-20 23:09:03,618 - INFO - 开始处理 4 个文件
2026-05-20 23:09:03,618 - INFO - 处理文件 EF-理化-202508.xlsx
2026-05-20 23:09:03,634 - INFO - 读取工作表 二氟乙酸钠 来自文件 EF-理化-202508.xlsx
2026-05-20 23:09:03,635 - INFO - 读取工作表 二氟乙酸钠 来自文件 EF-理化-202508.xlsx
2026-05-20 23:09:03,654 - INFO - 读取工作表 水分结果 来自文件 EF-理化-202508.xlsx
2026-05-20 23:09:03,655 - INFO - 读取工作表 水分结果 来自文件 EF-理化-202508.xlsx
2026-05-20 23:09:03,678 - INFO - 读取工作表 二甲胺（非水滴定） 来自文件 EF-理化-202508.xlsx
2026-05-20 23:09:03,685 - INFO - 读取工作表 二甲胺（非水滴定） 来自文件 EF-理化-202508.xlsx
2026-05-20 23:09:03,699 - INFO - 读取工作表 氢离子 来自文件 EF-理化-202508.xlsx
2026-05-20 23:09:03,699 - INFO - 读取工作表 氢离子 来自文件 EF-理化-202508.xlsx
2026-05-20 23:09:03,715 - INFO - 读取工作表 氢氧根 来自文件 EF-理化-202508.xlsx
2026-05-20 23:09:03,715 - INFO - 读取工作表 氢氧根 来自文件 EF-理化-202508.xlsx
2026-05-20 23:09:03,731 - INFO - 读取工作表 氯离子 来自文件 EF-理化-202508.xlsx
2026-05-20 23:09:03,731 - INFO - 读取工作表 氯离子 来自文件 EF-理化-202508.xlsx
2026-05-20 23:09:03,752 - INFO - 读取工作表 总氮 来自文件 EF-理化-202508.xlsx
2026-05-20 23:09:03,752 - INFO - 读取工作表 总氮 来自文件 EF-理化-202508.xlsx
2026-05-20 23:09:03,767 - INFO - 读取工作表 氨氮 来自文件 EF-理化-202508.xlsx
2026-05-20 23:09:03,767 - INFO - 读取工作表 氨氮 来自文件 EF-理化-202508.xlsx
2026-05-20 23:09:03,782 - INFO - 读取工作表 甲基肼含量 来自文件 EF-理化-202508.xlsx
2026-05-20 23:09:03,782 - INFO - 读取工作表 甲基肼含量 来自文件 EF-理化-202508.xlsx
2026-05-20 23:09:03,797 - INFO - 读取工作表 COD 来自文件 EF-理化-202508.xlsx
2026-05-20 23:09:03,797 - INFO - 读取工作表 COD 来自文件 EF-理化-202508.xlsx
2026-05-20 23:09:03,812 - INFO - 读取工作表 碳酸根  来自文件 EF-理化-202508.xlsx
2026-05-20 23:09:03,812 - INFO - 读取工作表 碳酸根  来自文件 EF-理化-202508.xlsx
2026-05-20 23:09:03,826 - INFO - 读取工作表 亚硫酸钠 来自文件 EF-理化-202508.xlsx
2026-05-20 23:09:03,826 - INFO - 读取工作表 亚硫酸钠 来自文件 EF-理化-202508.xlsx
2026-05-20 23:09:03,841 - INFO - 读取工作表 亚硫酸氢铵 来自文件 EF-理化-202508.xlsx
2026-05-20 23:09:03,841 - INFO - 读取工作表 亚硫酸氢铵 来自文件 EF-理化-202508.xlsx
2026-05-20 23:09:03,857 - INFO - 读取工作表 亚硫酸氢铵-亚硫酸铵 来自文件 EF-理化-202508.xlsx
2026-05-20 23:09:03,857 - INFO - 读取工作表 亚硫酸氢铵-亚硫酸铵 来自文件 EF-理化-202508.xlsx
2026-05-20 23:09:03,873 - INFO - 读取工作表 亚硫酸氢铵-氯离子 来自文件 EF-理化-202508.xlsx
2026-05-20 23:09:03,873 - INFO - 读取工作表 亚硫酸氢铵-氯离子 来自文件 EF-理化-202508.xlsx
2026-05-20 23:09:03,891 - INFO - 读取工作表 硫代硫酸铵 来自文件 EF-理化-202508.xlsx
2026-05-20 23:09:03,891 - INFO - 读取工作表 硫代硫酸铵 来自文件 EF-理化-202508.xlsx
2026-05-20 23:09:03,908 - INFO - 处理文件 J001-理化-202508.xlsx
2026-05-20 23:09:03,913 - INFO - 读取工作表 甲基肼含量 来自文件 J001-理化-202508.xlsx
2026-05-20 23:09:03,913 - INFO - 读取工作表 甲基肼含量 来自文件 J001-理化-202508.xlsx
2026-05-20 23:09:03,920 - INFO - 读取工作表 水合肼 来自文件 J001-理化-202508.xlsx
2026-05-20 23:09:03,920 - INFO - 读取工作表 水合肼 来自文件 J001-理化-202508.xlsx
2026-05-20 23:09:03,941 - INFO - 读取工作表 水分 来自文件 J001-理化-202508.xlsx
2026-05-20 23:09:03,941 - INFO - 读取工作表 水分 来自文件 J001-理化-202508.xlsx
2026-05-20 23:09:03,952 - INFO - 读取工作表 氯离子 来自文件 J001-理化-202508.xlsx
2026-05-20 23:09:03,952 - INFO - 读取工作表 氯离子 来自文件 J001-理化-202508.xlsx
2026-05-20 23:09:03,960 - INFO - 处理文件 Q007-理化-202508.xlsx
2026-05-20 23:09:03,968 - INFO - 读取工作表 水分结果 来自文件 Q007-理化-202508.xlsx
2026-05-20 23:09:03,968 - INFO - 读取工作表 水分结果 来自文件 Q007-理化-202508.xlsx
2026-05-20 23:09:03,978 - INFO - 读取工作表 氰乙酸 来自文件 Q007-理化-202508.xlsx
2026-05-20 23:09:03,978 - INFO - 读取工作表 氰乙酸 来自文件 Q007-理化-202508.xlsx
2026-05-20 23:09:03,990 - INFO - 读取工作表 总氮 来自文件 Q007-理化-202508.xlsx
2026-05-20 23:09:03,990 - INFO - 读取工作表 总氮 来自文件 Q007-理化-202508.xlsx
2026-05-20 23:09:04,000 - INFO - 读取工作表 氢离子 来自文件 Q007-理化-202508.xlsx
2026-05-20 23:09:04,000 - INFO - 读取工作表 氢离子 来自文件 Q007-理化-202508.xlsx
2026-05-20 23:09:04,010 - INFO - 读取工作表 氯离子 来自文件 Q007-理化-202508.xlsx
2026-05-20 23:09:04,010 - INFO - 读取工作表 氯离子 来自文件 Q007-理化-202508.xlsx
2026-05-20 23:09:04,020 - INFO - 读取工作表 干燥失重 来自文件 Q007-理化-202508.xlsx
2026-05-20 23:09:04,020 - INFO - 读取工作表 干燥失重 来自文件 Q007-理化-202508.xlsx
2026-05-20 23:09:04,029 - INFO - 读取工作表 水合肼 来自文件 Q007-理化-202508.xlsx
2026-05-20 23:09:04,029 - INFO - 读取工作表 水合肼 来自文件 Q007-理化-202508.xlsx
2026-05-20 23:09:04,038 - INFO - 读取工作表 氢氧根 来自文件 Q007-理化-202508.xlsx
2026-05-20 23:09:04,038 - INFO - 读取工作表 氢氧根 来自文件 Q007-理化-202508.xlsx
2026-05-20 23:09:04,047 - INFO - 读取工作表 过氧化氢含量 来自文件 Q007-理化-202508.xlsx
2026-05-20 23:09:04,047 - INFO - 读取工作表 过氧化氢含量 来自文件 Q007-理化-202508.xlsx
2026-05-20 23:09:04,057 - INFO - 读取工作表 甲基肼含量 来自文件 Q007-理化-202508.xlsx
2026-05-20 23:09:04,057 - INFO - 读取工作表 甲基肼含量 来自文件 Q007-理化-202508.xlsx
2026-05-20 23:09:04,067 - INFO - 处理文件 RD05-理化-202508.xlsx
2026-05-20 23:09:04,077 - INFO - 读取工作表 硫酸根 来自文件 RD05-理化-202508.xlsx
2026-05-20 23:09:04,077 - INFO - 读取工作表 硫酸根 来自文件 RD05-理化-202508.xlsx
2026-05-20 23:09:04,090 - INFO - 读取工作表 水分结果 来自文件 RD05-理化-202508.xlsx
2026-05-20 23:09:04,090 - INFO - 读取工作表 水分结果 来自文件 RD05-理化-202508.xlsx
2026-05-20 23:09:04,102 - INFO - 读取工作表 硼酯 来自文件 RD05-理化-202508.xlsx
2026-05-20 23:09:04,102 - INFO - 读取工作表 硼酯 来自文件 RD05-理化-202508.xlsx
2026-05-20 23:09:04,114 - INFO - 读取工作表 三氟苯基溴化镁 来自文件 RD05-理化-202508.xlsx
2026-05-20 23:09:04,114 - INFO - 读取工作表 三氟苯基溴化镁 来自文件 RD05-理化-202508.xlsx
2026-05-20 23:09:04,125 - INFO - 读取工作表 氯离子 来自文件 RD05-理化-202508.xlsx
2026-05-20 23:09:04,125 - INFO - 读取工作表 氯离子 来自文件 RD05-理化-202508.xlsx
2026-05-20 23:09:04,137 - INFO - 读取工作表 氨水 来自文件 RD05-理化-202508.xlsx
2026-05-20 23:09:04,137 - INFO - 读取工作表 氨水 来自文件 RD05-理化-202508.xlsx
2026-05-20 23:09:04,149 - INFO - 读取工作表 氰化钠 来自文件 RD05-理化-202508.xlsx
2026-05-20 23:09:04,149 - INFO - 读取工作表 氰化钠 来自文件 RD05-理化-202508.xlsx
2026-05-20 23:09:04,163 - INFO - 读取工作表 干燥失重 来自文件 RD05-理化-202508.xlsx
2026-05-20 23:09:04,163 - INFO - 读取工作表 干燥失重 来自文件 RD05-理化-202508.xlsx
2026-05-20 23:09:04,175 - INFO - 读取工作表 炽灼残渣 来自文件 RD05-理化-202508.xlsx
2026-05-20 23:09:04,175 - INFO - 读取工作表 炽灼残渣 来自文件 RD05-理化-202508.xlsx
2026-05-20 23:09:04,187 - INFO - 读取工作表 COD 来自文件 RD05-理化-202508.xlsx
2026-05-20 23:09:04,187 - INFO - 读取工作表 COD 来自文件 RD05-理化-202508.xlsx
2026-05-20 23:09:04,199 - INFO - 读取工作表 氨氮 来自文件 RD05-理化-202508.xlsx
2026-05-20 23:09:04,199 - INFO - 读取工作表 氨氮 来自文件 RD05-理化-202508.xlsx
2026-05-20 23:09:04,212 - INFO - 读取工作表 总氮 来自文件 RD05-理化-202508.xlsx
2026-05-20 23:09:04,212 - INFO - 读取工作表 总氮 来自文件 RD05-理化-202508.xlsx
2026-05-20 23:09:04,225 - INFO - 读取工作表 碳酸根  来自文件 RD05-理化-202508.xlsx
2026-05-20 23:09:04,225 - INFO - 读取工作表 碳酸根  来自文件 RD05-理化-202508.xlsx
2026-05-20 23:09:04,328 - INFO - 统计完成，生成结果表格
2026-05-20 23:09:07,260 - INFO - 输出目录路径: D:/桌面/统计\统计后结果
2026-05-20 23:09:07,260 - INFO - 导出结果到 D:/桌面/统计\统计后结果\EF-理化-202508_统计结果.xlsx
2026-05-20 23:09:07,304 - INFO - 导出成功 D:/桌面/统计\统计后结果\EF-理化-202508_统计结果.xlsx
2026-05-20 23:09:07,304 - INFO - 批量导出成功: D:/桌面/统计\统计后结果\EF-理化-202508_统计结果.xlsx
2026-05-20 23:09:07,305 - INFO - 输出目录路径: D:/桌面/统计\统计后结果
2026-05-20 23:09:07,306 - INFO - 导出结果到 D:/桌面/统计\统计后结果\J001-理化-202508_统计结果.xlsx
2026-05-20 23:09:07,315 - INFO - 导出成功 D:/桌面/统计\统计后结果\J001-理化-202508_统计结果.xlsx
2026-05-20 23:09:07,315 - INFO - 批量导出成功: D:/桌面/统计\统计后结果\J001-理化-202508_统计结果.xlsx
2026-05-20 23:09:07,317 - INFO - 输出目录路径: D:/桌面/统计\统计后结果
2026-05-20 23:09:07,317 - INFO - 导出结果到 D:/桌面/统计\统计后结果\Q007-理化-202508_统计结果.xlsx
2026-05-20 23:09:07,325 - INFO - 导出成功 D:/桌面/统计\统计后结果\Q007-理化-202508_统计结果.xlsx
2026-05-20 23:09:07,325 - INFO - 批量导出成功: D:/桌面/统计\统计后结果\Q007-理化-202508_统计结果.xlsx
2026-05-20 23:09:07,327 - INFO - 输出目录路径: D:/桌面/统计\统计后结果
2026-05-20 23:09:07,327 - INFO - 导出结果到 D:/桌面/统计\统计后结果\RD05-理化-202508_统计结果.xlsx
2026-05-20 23:09:07,336 - INFO - 导出成功 D:/桌面/统计\统计后结果\RD05-理化-202508_统计结果.xlsx
2026-05-20 23:09:07,336 - INFO - 批量导出成功: D:/桌面/统计\统计后结果\RD05-理化-202508_统计结果.xlsx
2026-05-20 23:09:08,056 - INFO - 批量导出完成，成功 4 / 4 个文件
2026-05-20 23:09:11,575 - INFO - 导入 5 个文件: ['A3-理化-202508.xlsx', 'EF-理化-202508.xlsx', 'J001-理化-202508.xlsx', 'Q007-理化-202508.xlsx', 'RD05-理化-202508.xlsx']
2026-05-20 23:09:11,577 - INFO - 开始处理 5 个文件
2026-05-20 23:09:11,577 - INFO - 处理文件 A3-理化-202508.xlsx
2026-05-20 23:09:11,584 - INFO - 读取工作表 硼酯 来自文件 A3-理化-202508.xlsx
2026-05-20 23:09:11,584 - INFO - 读取工作表 硼酯 来自文件 A3-理化-202508.xlsx
2026-05-20 23:09:11,593 - INFO - 读取工作表 甲醇钠 来自文件 A3-理化-202508.xlsx
2026-05-20 23:09:11,593 - INFO - 读取工作表 甲醇钠 来自文件 A3-理化-202508.xlsx
2026-05-20 23:09:11,602 - INFO - 读取工作表 亚硝基硫酸 来自文件 A3-理化-202508.xlsx
2026-05-20 23:09:11,602 - INFO - 读取工作表 亚硝基硫酸 来自文件 A3-理化-202508.xlsx
2026-05-20 23:09:11,611 - INFO - 读取工作表 过氧化氢 来自文件 A3-理化-202508.xlsx
2026-05-20 23:09:11,611 - INFO - 读取工作表 过氧化氢 来自文件 A3-理化-202508.xlsx
2026-05-20 23:09:11,620 - INFO - 读取工作表 水分 来自文件 A3-理化-202508.xlsx
2026-05-20 23:09:11,620 - INFO - 读取工作表 水分 来自文件 A3-理化-202508.xlsx
2026-05-20 23:09:11,629 - INFO - 读取工作表 氢离子 来自文件 A3-理化-202508.xlsx
2026-05-20 23:09:11,629 - INFO - 读取工作表 氢离子 来自文件 A3-理化-202508.xlsx
2026-05-20 23:09:11,637 - INFO - 读取工作表 氯离子 来自文件 A3-理化-202508.xlsx
2026-05-20 23:09:11,637 - INFO - 读取工作表 氯离子 来自文件 A3-理化-202508.xlsx
2026-05-20 23:09:11,645 - INFO - 读取工作表 干燥失重 来自文件 A3-理化-202508.xlsx
2026-05-20 23:09:11,645 - INFO - 读取工作表 干燥失重 来自文件 A3-理化-202508.xlsx
2026-05-20 23:09:11,654 - INFO - 处理文件 EF-理化-202508.xlsx
2026-05-20 23:09:11,667 - INFO - 读取工作表 二氟乙酸钠 来自文件 EF-理化-202508.xlsx
2026-05-20 23:09:11,667 - INFO - 读取工作表 二氟乙酸钠 来自文件 EF-理化-202508.xlsx
2026-05-20 23:09:11,685 - INFO - 读取工作表 水分结果 来自文件 EF-理化-202508.xlsx
2026-05-20 23:09:11,685 - INFO - 读取工作表 水分结果 来自文件 EF-理化-202508.xlsx
2026-05-20 23:09:11,706 - INFO - 读取工作表 二甲胺（非水滴定） 来自文件 EF-理化-202508.xlsx
2026-05-20 23:09:11,706 - INFO - 读取工作表 二甲胺（非水滴定） 来自文件 EF-理化-202508.xlsx
2026-05-20 23:09:11,722 - INFO - 读取工作表 氢离子 来自文件 EF-理化-202508.xlsx
2026-05-20 23:09:11,722 - INFO - 读取工作表 氢离子 来自文件 EF-理化-202508.xlsx
2026-05-20 23:09:11,739 - INFO - 读取工作表 氢氧根 来自文件 EF-理化-202508.xlsx
2026-05-20 23:09:11,739 - INFO - 读取工作表 氢氧根 来自文件 EF-理化-202508.xlsx
2026-05-20 23:09:11,755 - INFO - 读取工作表 氯离子 来自文件 EF-理化-202508.xlsx
2026-05-20 23:09:11,755 - INFO - 读取工作表 氯离子 来自文件 EF-理化-202508.xlsx
2026-05-20 23:09:11,777 - INFO - 读取工作表 总氮 来自文件 EF-理化-202508.xlsx
2026-05-20 23:09:11,777 - INFO - 读取工作表 总氮 来自文件 EF-理化-202508.xlsx
2026-05-20 23:09:11,792 - INFO - 读取工作表 氨氮 来自文件 EF-理化-202508.xlsx
2026-05-20 23:09:11,792 - INFO - 读取工作表 氨氮 来自文件 EF-理化-202508.xlsx
2026-05-20 23:09:11,807 - INFO - 读取工作表 甲基肼含量 来自文件 EF-理化-202508.xlsx
2026-05-20 23:09:11,807 - INFO - 读取工作表 甲基肼含量 来自文件 EF-理化-202508.xlsx
2026-05-20 23:09:11,823 - INFO - 读取工作表 COD 来自文件 EF-理化-202508.xlsx
2026-05-20 23:09:11,823 - INFO - 读取工作表 COD 来自文件 EF-理化-202508.xlsx
2026-05-20 23:09:11,838 - INFO - 读取工作表 碳酸根  来自文件 EF-理化-202508.xlsx
2026-05-20 23:09:11,838 - INFO - 读取工作表 碳酸根  来自文件 EF-理化-202508.xlsx
2026-05-20 23:09:11,853 - INFO - 读取工作表 亚硫酸钠 来自文件 EF-理化-202508.xlsx
2026-05-20 23:09:11,853 - INFO - 读取工作表 亚硫酸钠 来自文件 EF-理化-202508.xlsx
2026-05-20 23:09:11,868 - INFO - 读取工作表 亚硫酸氢铵 来自文件 EF-理化-202508.xlsx
2026-05-20 23:09:11,868 - INFO - 读取工作表 亚硫酸氢铵 来自文件 EF-理化-202508.xlsx
2026-05-20 23:09:11,884 - INFO - 读取工作表 亚硫酸氢铵-亚硫酸铵 来自文件 EF-理化-202508.xlsx
2026-05-20 23:09:11,884 - INFO - 读取工作表 亚硫酸氢铵-亚硫酸铵 来自文件 EF-理化-202508.xlsx
2026-05-20 23:09:11,900 - INFO - 读取工作表 亚硫酸氢铵-氯离子 来自文件 EF-理化-202508.xlsx
2026-05-20 23:09:11,900 - INFO - 读取工作表 亚硫酸氢铵-氯离子 来自文件 EF-理化-202508.xlsx
2026-05-20 23:09:11,916 - INFO - 读取工作表 硫代硫酸铵 来自文件 EF-理化-202508.xlsx
2026-05-20 23:09:11,916 - INFO - 读取工作表 硫代硫酸铵 来自文件 EF-理化-202508.xlsx
2026-05-20 23:09:11,945 - INFO - 处理文件 J001-理化-202508.xlsx
2026-05-20 23:09:11,950 - INFO - 读取工作表 甲基肼含量 来自文件 J001-理化-202508.xlsx
2026-05-20 23:09:11,950 - INFO - 读取工作表 甲基肼含量 来自文件 J001-理化-202508.xlsx
2026-05-20 23:09:11,957 - INFO - 读取工作表 水合肼 来自文件 J001-理化-202508.xlsx
2026-05-20 23:09:11,957 - INFO - 读取工作表 水合肼 来自文件 J001-理化-202508.xlsx
2026-05-20 23:09:11,964 - INFO - 读取工作表 水分 来自文件 J001-理化-202508.xlsx
2026-05-20 23:09:11,964 - INFO - 读取工作表 水分 来自文件 J001-理化-202508.xlsx
2026-05-20 23:09:11,974 - INFO - 读取工作表 氯离子 来自文件 J001-理化-202508.xlsx
2026-05-20 23:09:11,974 - INFO - 读取工作表 氯离子 来自文件 J001-理化-202508.xlsx
2026-05-20 23:09:11,982 - INFO - 处理文件 Q007-理化-202508.xlsx
2026-05-20 23:09:11,989 - INFO - 读取工作表 水分结果 来自文件 Q007-理化-202508.xlsx
2026-05-20 23:09:11,989 - INFO - 读取工作表 水分结果 来自文件 Q007-理化-202508.xlsx
2026-05-20 23:09:12,002 - INFO - 读取工作表 氰乙酸 来自文件 Q007-理化-202508.xlsx
2026-05-20 23:09:12,002 - INFO - 读取工作表 氰乙酸 来自文件 Q007-理化-202508.xlsx
2026-05-20 23:09:12,012 - INFO - 读取工作表 总氮 来自文件 Q007-理化-202508.xlsx
2026-05-20 23:09:12,012 - INFO - 读取工作表 总氮 来自文件 Q007-理化-202508.xlsx
2026-05-20 23:09:12,022 - INFO - 读取工作表 氢离子 来自文件 Q007-理化-202508.xlsx
2026-05-20 23:09:12,022 - INFO - 读取工作表 氢离子 来自文件 Q007-理化-202508.xlsx
2026-05-20 23:09:12,031 - INFO - 读取工作表 氯离子 来自文件 Q007-理化-202508.xlsx
2026-05-20 23:09:12,031 - INFO - 读取工作表 氯离子 来自文件 Q007-理化-202508.xlsx
2026-05-20 23:09:12,041 - INFO - 读取工作表 干燥失重 来自文件 Q007-理化-202508.xlsx
2026-05-20 23:09:12,041 - INFO - 读取工作表 干燥失重 来自文件 Q007-理化-202508.xlsx
2026-05-20 23:09:12,051 - INFO - 读取工作表 水合肼 来自文件 Q007-理化-202508.xlsx
2026-05-20 23:09:12,051 - INFO - 读取工作表 水合肼 来自文件 Q007-理化-202508.xlsx
2026-05-20 23:09:12,061 - INFO - 读取工作表 氢氧根 来自文件 Q007-理化-202508.xlsx
2026-05-20 23:09:12,061 - INFO - 读取工作表 氢氧根 来自文件 Q007-理化-202508.xlsx
2026-05-20 23:09:12,071 - INFO - 读取工作表 过氧化氢含量 来自文件 Q007-理化-202508.xlsx
2026-05-20 23:09:12,071 - INFO - 读取工作表 过氧化氢含量 来自文件 Q007-理化-202508.xlsx
2026-05-20 23:09:12,080 - INFO - 读取工作表 甲基肼含量 来自文件 Q007-理化-202508.xlsx
2026-05-20 23:09:12,080 - INFO - 读取工作表 甲基肼含量 来自文件 Q007-理化-202508.xlsx
2026-05-20 23:09:12,089 - INFO - 处理文件 RD05-理化-202508.xlsx
2026-05-20 23:09:12,098 - INFO - 读取工作表 硫酸根 来自文件 RD05-理化-202508.xlsx
2026-05-20 23:09:12,098 - INFO - 读取工作表 硫酸根 来自文件 RD05-理化-202508.xlsx
2026-05-20 23:09:12,111 - INFO - 读取工作表 水分结果 来自文件 RD05-理化-202508.xlsx
2026-05-20 23:09:12,111 - INFO - 读取工作表 水分结果 来自文件 RD05-理化-202508.xlsx
2026-05-20 23:09:12,123 - INFO - 读取工作表 硼酯 来自文件 RD05-理化-202508.xlsx
2026-05-20 23:09:12,123 - INFO - 读取工作表 硼酯 来自文件 RD05-理化-202508.xlsx
2026-05-20 23:09:12,134 - INFO - 读取工作表 三氟苯基溴化镁 来自文件 RD05-理化-202508.xlsx
2026-05-20 23:09:12,134 - INFO - 读取工作表 三氟苯基溴化镁 来自文件 RD05-理化-202508.xlsx
2026-05-20 23:09:12,145 - INFO - 读取工作表 氯离子 来自文件 RD05-理化-202508.xlsx
2026-05-20 23:09:12,145 - INFO - 读取工作表 氯离子 来自文件 RD05-理化-202508.xlsx
2026-05-20 23:09:12,157 - INFO - 读取工作表 氨水 来自文件 RD05-理化-202508.xlsx
2026-05-20 23:09:12,157 - INFO - 读取工作表 氨水 来自文件 RD05-理化-202508.xlsx
2026-05-20 23:09:12,170 - INFO - 读取工作表 氰化钠 来自文件 RD05-理化-202508.xlsx
2026-05-20 23:09:12,170 - INFO - 读取工作表 氰化钠 来自文件 RD05-理化-202508.xlsx
2026-05-20 23:09:12,183 - INFO - 读取工作表 干燥失重 来自文件 RD05-理化-202508.xlsx
2026-05-20 23:09:12,183 - INFO - 读取工作表 干燥失重 来自文件 RD05-理化-202508.xlsx
2026-05-20 23:09:12,194 - INFO - 读取工作表 炽灼残渣 来自文件 RD05-理化-202508.xlsx
2026-05-20 23:09:12,194 - INFO - 读取工作表 炽灼残渣 来自文件 RD05-理化-202508.xlsx
2026-05-20 23:09:12,205 - INFO - 读取工作表 COD 来自文件 RD05-理化-202508.xlsx
2026-05-20 23:09:12,205 - INFO - 读取工作表 COD 来自文件 RD05-理化-202508.xlsx
2026-05-20 23:09:12,217 - INFO - 读取工作表 氨氮 来自文件 RD05-理化-202508.xlsx
2026-05-20 23:09:12,217 - INFO - 读取工作表 氨氮 来自文件 RD05-理化-202508.xlsx
2026-05-20 23:09:12,229 - INFO - 读取工作表 总氮 来自文件 RD05-理化-202508.xlsx
2026-05-20 23:09:12,229 - INFO - 读取工作表 总氮 来自文件 RD05-理化-202508.xlsx
2026-05-20 23:09:12,241 - INFO - 读取工作表 碳酸根  来自文件 RD05-理化-202508.xlsx
2026-05-20 23:09:12,241 - INFO - 读取工作表 碳酸根  来自文件 RD05-理化-202508.xlsx
2026-05-20 23:09:12,282 - INFO - 统计完成，生成结果表格
2026-05-20 23:09:14,810 - INFO - 输出目录路径: D:/桌面/统计\统计后结果
2026-05-20 23:09:14,810 - INFO - 导出结果到 D:/桌面/统计\统计后结果\A3-理化-202508_统计结果.xlsx
2026-05-20 23:09:14,826 - INFO - 导出成功 D:/桌面/统计\统计后结果\A3-理化-202508_统计结果.xlsx
2026-05-20 23:09:14,826 - INFO - 批量导出成功: D:/桌面/统计\统计后结果\A3-理化-202508_统计结果.xlsx
2026-05-20 23:09:14,828 - INFO - 输出目录路径: D:/桌面/统计\统计后结果
2026-05-20 23:09:14,828 - INFO - 导出结果到 D:/桌面/统计\统计后结果\EF-理化-202508_统计结果.xlsx
2026-05-20 23:09:14,844 - INFO - 导出成功 D:/桌面/统计\统计后结果\EF-理化-202508_统计结果.xlsx
2026-05-20 23:09:14,844 - INFO - 批量导出成功: D:/桌面/统计\统计后结果\EF-理化-202508_统计结果.xlsx
2026-05-20 23:09:14,845 - INFO - 输出目录路径: D:/桌面/统计\统计后结果
2026-05-20 23:09:14,846 - INFO - 导出结果到 D:/桌面/统计\统计后结果\J001-理化-202508_统计结果.xlsx
2026-05-20 23:09:14,855 - INFO - 导出成功 D:/桌面/统计\统计后结果\J001-理化-202508_统计结果.xlsx
2026-05-20 23:09:14,855 - INFO - 批量导出成功: D:/桌面/统计\统计后结果\J001-理化-202508_统计结果.xlsx
2026-05-20 23:09:14,857 - INFO - 输出目录路径: D:/桌面/统计\统计后结果
2026-05-20 23:09:14,857 - INFO - 导出结果到 D:/桌面/统计\统计后结果\Q007-理化-202508_统计结果.xlsx
2026-05-20 23:09:14,865 - INFO - 导出成功 D:/桌面/统计\统计后结果\Q007-理化-202508_统计结果.xlsx
2026-05-20 23:09:14,865 - INFO - 批量导出成功: D:/桌面/统计\统计后结果\Q007-理化-202508_统计结果.xlsx
2026-05-20 23:09:14,866 - INFO - 输出目录路径: D:/桌面/统计\统计后结果
2026-05-20 23:09:14,867 - INFO - 导出结果到 D:/桌面/统计\统计后结果\RD05-理化-202508_统计结果.xlsx
2026-05-20 23:09:14,876 - INFO - 导出成功 D:/桌面/统计\统计后结果\RD05-理化-202508_统计结果.xlsx
2026-05-20 23:09:14,876 - INFO - 批量导出成功: D:/桌面/统计\统计后结果\RD05-理化-202508_统计结果.xlsx
2026-05-20 23:09:16,079 - INFO - 批量导出完成，成功 5 / 5 个文件
2026-05-20 23:09:16,823 - INFO - 输出目录路径: D:/桌面/统计\统计后结果
2026-05-20 23:09:16,848 - INFO - 打开输出文件夹 D:/桌面/统计\统计后结果
2026-05-21 08:55:05,421 - INFO - 应用初始化完成
2026-05-21 08:55:12,975 - INFO - 导入 5 个文件: ['A3-理化-202508.xlsx', 'EF-理化-202508.xlsx', 'J001-理化-202508.xlsx', 'Q007-理化-202508.xlsx', 'RD05-理化-202508.xlsx']
2026-05-21 08:55:12,978 - INFO - 开始处理 5 个文件
2026-05-21 08:55:12,978 - INFO - 处理文件 A3-理化-202508.xlsx
2026-05-21 08:55:13,006 - INFO - 读取工作表 硼酯 来自文件 A3-理化-202508.xlsx
2026-05-21 08:55:13,006 - INFO - 读取工作表 硼酯 来自文件 A3-理化-202508.xlsx
2026-05-21 08:55:13,021 - INFO - 读取工作表 甲醇钠 来自文件 A3-理化-202508.xlsx
2026-05-21 08:55:13,021 - INFO - 读取工作表 甲醇钠 来自文件 A3-理化-202508.xlsx
2026-05-21 08:55:13,030 - INFO - 读取工作表 亚硝基硫酸 来自文件 A3-理化-202508.xlsx
2026-05-21 08:55:13,030 - INFO - 读取工作表 亚硝基硫酸 来自文件 A3-理化-202508.xlsx
2026-05-21 08:55:13,039 - INFO - 读取工作表 过氧化氢 来自文件 A3-理化-202508.xlsx
2026-05-21 08:55:13,039 - INFO - 读取工作表 过氧化氢 来自文件 A3-理化-202508.xlsx
2026-05-21 08:55:13,047 - INFO - 读取工作表 水分 来自文件 A3-理化-202508.xlsx
2026-05-21 08:55:13,047 - INFO - 读取工作表 水分 来自文件 A3-理化-202508.xlsx
2026-05-21 08:55:13,058 - INFO - 读取工作表 氢离子 来自文件 A3-理化-202508.xlsx
2026-05-21 08:55:13,058 - INFO - 读取工作表 氢离子 来自文件 A3-理化-202508.xlsx
2026-05-21 08:55:13,067 - INFO - 读取工作表 氯离子 来自文件 A3-理化-202508.xlsx
2026-05-21 08:55:13,067 - INFO - 读取工作表 氯离子 来自文件 A3-理化-202508.xlsx
2026-05-21 08:55:13,076 - INFO - 读取工作表 干燥失重 来自文件 A3-理化-202508.xlsx
2026-05-21 08:55:13,076 - INFO - 读取工作表 干燥失重 来自文件 A3-理化-202508.xlsx
2026-05-21 08:55:13,085 - INFO - 处理文件 EF-理化-202508.xlsx
2026-05-21 08:55:13,100 - INFO - 读取工作表 二氟乙酸钠 来自文件 EF-理化-202508.xlsx
2026-05-21 08:55:13,101 - INFO - 读取工作表 二氟乙酸钠 来自文件 EF-理化-202508.xlsx
2026-05-21 08:55:13,117 - INFO - 读取工作表 水分结果 来自文件 EF-理化-202508.xlsx
2026-05-21 08:55:13,117 - INFO - 读取工作表 水分结果 来自文件 EF-理化-202508.xlsx
2026-05-21 08:55:13,140 - INFO - 读取工作表 二甲胺（非水滴定） 来自文件 EF-理化-202508.xlsx
2026-05-21 08:55:13,140 - INFO - 读取工作表 二甲胺（非水滴定） 来自文件 EF-理化-202508.xlsx
2026-05-21 08:55:13,155 - INFO - 读取工作表 氢离子 来自文件 EF-理化-202508.xlsx
2026-05-21 08:55:13,155 - INFO - 读取工作表 氢离子 来自文件 EF-理化-202508.xlsx
2026-05-21 08:55:13,172 - INFO - 读取工作表 氢氧根 来自文件 EF-理化-202508.xlsx
2026-05-21 08:55:13,172 - INFO - 读取工作表 氢氧根 来自文件 EF-理化-202508.xlsx
2026-05-21 08:55:13,189 - INFO - 读取工作表 氯离子 来自文件 EF-理化-202508.xlsx
2026-05-21 08:55:13,189 - INFO - 读取工作表 氯离子 来自文件 EF-理化-202508.xlsx
2026-05-21 08:55:13,210 - INFO - 读取工作表 总氮 来自文件 EF-理化-202508.xlsx
2026-05-21 08:55:13,210 - INFO - 读取工作表 总氮 来自文件 EF-理化-202508.xlsx
2026-05-21 08:55:13,225 - INFO - 读取工作表 氨氮 来自文件 EF-理化-202508.xlsx
2026-05-21 08:55:13,225 - INFO - 读取工作表 氨氮 来自文件 EF-理化-202508.xlsx
2026-05-21 08:55:13,240 - INFO - 读取工作表 甲基肼含量 来自文件 EF-理化-202508.xlsx
2026-05-21 08:55:13,240 - INFO - 读取工作表 甲基肼含量 来自文件 EF-理化-202508.xlsx
2026-05-21 08:55:13,256 - INFO - 读取工作表 COD 来自文件 EF-理化-202508.xlsx
2026-05-21 08:55:13,256 - INFO - 读取工作表 COD 来自文件 EF-理化-202508.xlsx
2026-05-21 08:55:13,271 - INFO - 读取工作表 碳酸根  来自文件 EF-理化-202508.xlsx
2026-05-21 08:55:13,271 - INFO - 读取工作表 碳酸根  来自文件 EF-理化-202508.xlsx
2026-05-21 08:55:13,287 - INFO - 读取工作表 亚硫酸钠 来自文件 EF-理化-202508.xlsx
2026-05-21 08:55:13,287 - INFO - 读取工作表 亚硫酸钠 来自文件 EF-理化-202508.xlsx
2026-05-21 08:55:13,303 - INFO - 读取工作表 亚硫酸氢铵 来自文件 EF-理化-202508.xlsx
2026-05-21 08:55:13,303 - INFO - 读取工作表 亚硫酸氢铵 来自文件 EF-理化-202508.xlsx
2026-05-21 08:55:13,318 - INFO - 读取工作表 亚硫酸氢铵-亚硫酸铵 来自文件 EF-理化-202508.xlsx
2026-05-21 08:55:13,318 - INFO - 读取工作表 亚硫酸氢铵-亚硫酸铵 来自文件 EF-理化-202508.xlsx
2026-05-21 08:55:13,334 - INFO - 读取工作表 亚硫酸氢铵-氯离子 来自文件 EF-理化-202508.xlsx
2026-05-21 08:55:13,335 - INFO - 读取工作表 亚硫酸氢铵-氯离子 来自文件 EF-理化-202508.xlsx
2026-05-21 08:55:13,363 - INFO - 读取工作表 硫代硫酸铵 来自文件 EF-理化-202508.xlsx
2026-05-21 08:55:13,363 - INFO - 读取工作表 硫代硫酸铵 来自文件 EF-理化-202508.xlsx
2026-05-21 08:55:13,380 - INFO - 处理文件 J001-理化-202508.xlsx
2026-05-21 08:55:13,393 - INFO - 读取工作表 甲基肼含量 来自文件 J001-理化-202508.xlsx
2026-05-21 08:55:13,393 - INFO - 读取工作表 甲基肼含量 来自文件 J001-理化-202508.xlsx
2026-05-21 08:55:13,400 - INFO - 读取工作表 水合肼 来自文件 J001-理化-202508.xlsx
2026-05-21 08:55:13,400 - INFO - 读取工作表 水合肼 来自文件 J001-理化-202508.xlsx
2026-05-21 08:55:13,408 - INFO - 读取工作表 水分 来自文件 J001-理化-202508.xlsx
2026-05-21 08:55:13,408 - INFO - 读取工作表 水分 来自文件 J001-理化-202508.xlsx
2026-05-21 08:55:13,417 - INFO - 读取工作表 氯离子 来自文件 J001-理化-202508.xlsx
2026-05-21 08:55:13,417 - INFO - 读取工作表 氯离子 来自文件 J001-理化-202508.xlsx
2026-05-21 08:55:13,425 - INFO - 处理文件 Q007-理化-202508.xlsx
2026-05-21 08:55:13,435 - INFO - 读取工作表 水分结果 来自文件 Q007-理化-202508.xlsx
2026-05-21 08:55:13,435 - INFO - 读取工作表 水分结果 来自文件 Q007-理化-202508.xlsx
2026-05-21 08:55:13,445 - INFO - 读取工作表 氰乙酸 来自文件 Q007-理化-202508.xlsx
2026-05-21 08:55:13,445 - INFO - 读取工作表 氰乙酸 来自文件 Q007-理化-202508.xlsx
2026-05-21 08:55:13,455 - INFO - 读取工作表 总氮 来自文件 Q007-理化-202508.xlsx
2026-05-21 08:55:13,456 - INFO - 读取工作表 总氮 来自文件 Q007-理化-202508.xlsx
2026-05-21 08:55:13,466 - INFO - 读取工作表 氢离子 来自文件 Q007-理化-202508.xlsx
2026-05-21 08:55:13,466 - INFO - 读取工作表 氢离子 来自文件 Q007-理化-202508.xlsx
2026-05-21 08:55:13,476 - INFO - 读取工作表 氯离子 来自文件 Q007-理化-202508.xlsx
2026-05-21 08:55:13,476 - INFO - 读取工作表 氯离子 来自文件 Q007-理化-202508.xlsx
2026-05-21 08:55:13,486 - INFO - 读取工作表 干燥失重 来自文件 Q007-理化-202508.xlsx
2026-05-21 08:55:13,486 - INFO - 读取工作表 干燥失重 来自文件 Q007-理化-202508.xlsx
2026-05-21 08:55:13,495 - INFO - 读取工作表 水合肼 来自文件 Q007-理化-202508.xlsx
2026-05-21 08:55:13,495 - INFO - 读取工作表 水合肼 来自文件 Q007-理化-202508.xlsx
2026-05-21 08:55:13,505 - INFO - 读取工作表 氢氧根 来自文件 Q007-理化-202508.xlsx
2026-05-21 08:55:13,505 - INFO - 读取工作表 氢氧根 来自文件 Q007-理化-202508.xlsx
2026-05-21 08:55:13,515 - INFO - 读取工作表 过氧化氢含量 来自文件 Q007-理化-202508.xlsx
2026-05-21 08:55:13,515 - INFO - 读取工作表 过氧化氢含量 来自文件 Q007-理化-202508.xlsx
2026-05-21 08:55:13,524 - INFO - 读取工作表 甲基肼含量 来自文件 Q007-理化-202508.xlsx
2026-05-21 08:55:13,524 - INFO - 读取工作表 甲基肼含量 来自文件 Q007-理化-202508.xlsx
2026-05-21 08:55:13,534 - INFO - 处理文件 RD05-理化-202508.xlsx
2026-05-21 08:55:13,546 - INFO - 读取工作表 硫酸根 来自文件 RD05-理化-202508.xlsx
2026-05-21 08:55:13,546 - INFO - 读取工作表 硫酸根 来自文件 RD05-理化-202508.xlsx
2026-05-21 08:55:13,558 - INFO - 读取工作表 水分结果 来自文件 RD05-理化-202508.xlsx
2026-05-21 08:55:13,558 - INFO - 读取工作表 水分结果 来自文件 RD05-理化-202508.xlsx
2026-05-21 08:55:13,571 - INFO - 读取工作表 硼酯 来自文件 RD05-理化-202508.xlsx
2026-05-21 08:55:13,571 - INFO - 读取工作表 硼酯 来自文件 RD05-理化-202508.xlsx
2026-05-21 08:55:13,584 - INFO - 读取工作表 三氟苯基溴化镁 来自文件 RD05-理化-202508.xlsx
2026-05-21 08:55:13,584 - INFO - 读取工作表 三氟苯基溴化镁 来自文件 RD05-理化-202508.xlsx
2026-05-21 08:55:13,595 - INFO - 读取工作表 氯离子 来自文件 RD05-理化-202508.xlsx
2026-05-21 08:55:13,595 - INFO - 读取工作表 氯离子 来自文件 RD05-理化-202508.xlsx
2026-05-21 08:55:13,607 - INFO - 读取工作表 氨水 来自文件 RD05-理化-202508.xlsx
2026-05-21 08:55:13,608 - INFO - 读取工作表 氨水 来自文件 RD05-理化-202508.xlsx
2026-05-21 08:55:13,620 - INFO - 读取工作表 氰化钠 来自文件 RD05-理化-202508.xlsx
2026-05-21 08:55:13,621 - INFO - 读取工作表 氰化钠 来自文件 RD05-理化-202508.xlsx
2026-05-21 08:55:13,636 - INFO - 读取工作表 干燥失重 来自文件 RD05-理化-202508.xlsx
2026-05-21 08:55:13,636 - INFO - 读取工作表 干燥失重 来自文件 RD05-理化-202508.xlsx
2026-05-21 08:55:13,647 - INFO - 读取工作表 炽灼残渣 来自文件 RD05-理化-202508.xlsx
2026-05-21 08:55:13,647 - INFO - 读取工作表 炽灼残渣 来自文件 RD05-理化-202508.xlsx
2026-05-21 08:55:13,659 - INFO - 读取工作表 COD 来自文件 RD05-理化-202508.xlsx
2026-05-21 08:55:13,659 - INFO - 读取工作表 COD 来自文件 RD05-理化-202508.xlsx
2026-05-21 08:55:13,670 - INFO - 读取工作表 氨氮 来自文件 RD05-理化-202508.xlsx
2026-05-21 08:55:13,670 - INFO - 读取工作表 氨氮 来自文件 RD05-理化-202508.xlsx
2026-05-21 08:55:13,683 - INFO - 读取工作表 总氮 来自文件 RD05-理化-202508.xlsx
2026-05-21 08:55:13,683 - INFO - 读取工作表 总氮 来自文件 RD05-理化-202508.xlsx
2026-05-21 08:55:13,697 - INFO - 读取工作表 碳酸根  来自文件 RD05-理化-202508.xlsx
2026-05-21 08:55:13,697 - INFO - 读取工作表 碳酸根  来自文件 RD05-理化-202508.xlsx
2026-05-21 08:55:13,804 - INFO - 统计完成，生成结果表格
2026-05-21 08:55:16,093 - INFO - 输出目录路径: D:/桌面/统计\统计后结果
2026-05-21 08:55:16,094 - INFO - 导出结果到 D:/桌面/统计\统计后结果\A3-理化-202508_统计结果.xlsx
2026-05-21 08:55:16,108 - INFO - 导出成功 D:/桌面/统计\统计后结果\A3-理化-202508_统计结果.xlsx
2026-05-21 08:55:16,108 - INFO - 批量导出成功: D:/桌面/统计\统计后结果\A3-理化-202508_统计结果.xlsx
2026-05-21 08:55:16,110 - INFO - 输出目录路径: D:/桌面/统计\统计后结果
2026-05-21 08:55:16,110 - INFO - 导出结果到 D:/桌面/统计\统计后结果\EF-理化-202508_统计结果.xlsx
2026-05-21 08:55:16,125 - INFO - 导出成功 D:/桌面/统计\统计后结果\EF-理化-202508_统计结果.xlsx
2026-05-21 08:55:16,125 - INFO - 批量导出成功: D:/桌面/统计\统计后结果\EF-理化-202508_统计结果.xlsx
2026-05-21 08:55:16,127 - INFO - 输出目录路径: D:/桌面/统计\统计后结果
2026-05-21 08:55:16,127 - INFO - 导出结果到 D:/桌面/统计\统计后结果\J001-理化-202508_统计结果.xlsx
2026-05-21 08:55:16,136 - INFO - 导出成功 D:/桌面/统计\统计后结果\J001-理化-202508_统计结果.xlsx
2026-05-21 08:55:16,137 - INFO - 批量导出成功: D:/桌面/统计\统计后结果\J001-理化-202508_统计结果.xlsx
2026-05-21 08:55:16,138 - INFO - 输出目录路径: D:/桌面/统计\统计后结果
2026-05-21 08:55:16,138 - INFO - 导出结果到 D:/桌面/统计\统计后结果\Q007-理化-202508_统计结果.xlsx
2026-05-21 08:55:16,147 - INFO - 导出成功 D:/桌面/统计\统计后结果\Q007-理化-202508_统计结果.xlsx
2026-05-21 08:55:16,147 - INFO - 批量导出成功: D:/桌面/统计\统计后结果\Q007-理化-202508_统计结果.xlsx
2026-05-21 08:55:16,149 - INFO - 输出目录路径: D:/桌面/统计\统计后结果
2026-05-21 08:55:16,149 - INFO - 导出结果到 D:/桌面/统计\统计后结果\RD05-理化-202508_统计结果.xlsx
2026-05-21 08:55:16,158 - INFO - 导出成功 D:/桌面/统计\统计后结果\RD05-理化-202508_统计结果.xlsx
2026-05-21 08:55:16,158 - INFO - 批量导出成功: D:/桌面/统计\统计后结果\RD05-理化-202508_统计结果.xlsx
2026-05-21 08:55:16,918 - INFO - 批量导出完成，成功 5 / 5 个文件
2026-05-21 08:56:29,193 - INFO - 应用初始化完成
2026-05-21 09:04:42,045 - INFO - 应用初始化完成
2026-05-21 09:28:15,124 - INFO - 应用初始化完成
